D:\node-express\utils\queryStatistik.js:209
				logger.info(`[STATISTIC] Found a listing in the collection with the Job Name '${ctmLikeInJobName}', '${ctmJobName}', Server '${ctmLikeInServer}', '${ctmServer}', Group Name '${ctmLikeInGroupName}', '${ctmGroupName}', Table '${ctmLikeInTableName}', '${ctmTableName}' and Owner '${ctmLikeInUserId}', '${ctmUserId}' `
				                                                                                                                                                                                                                                                                                                                      ^^^^

SyntaxError: missing ) after argument list
    at Object.compileFunction (node:vm:360:18)
    at wrapSafe (node:internal/modules/cjs/loader:1055:15)
    at Module._compile (node:internal/modules/cjs/loader:1090:27)
    at Object.Module._extensions..js (node:internal/modules/cjs/loader:1180:10)
    at Module.load (node:internal/modules/cjs/loader:1004:32)
    at Function.Module._load (node:internal/modules/cjs/loader:839:12)
    at Module.require (node:internal/modules/cjs/loader:1028:19)
    at require (node:internal/modules/cjs/helpers:102:18)
    at Object.<anonymous> (D:\node-express\server.js:20:25)
    at Module._compile (node:internal/modules/cjs/loader:1126:14)
D:\node-express\utils\queryStatistik.js:209
				logger.info(`[STATISTIC] Found a listing in the collection with the Job Name '${ctmLikeInJobName}', '${ctmJobName}', Server '${ctmLikeInServer}', '${ctmServer}', Group Name '${ctmLikeInGroupName}', '${ctmGroupName}', Table '${ctmLikeInTableName}', '${ctmTableName}' and Owner '${ctmLikeInUserId}', '${ctmUserId}' `
				                                                                                                                                                                                                                                                                                                                      ^^^^

SyntaxError: missing ) after argument list
    at Object.compileFunction (node:vm:360:18)
    at wrapSafe (node:internal/modules/cjs/loader:1055:15)
    at Module._compile (node:internal/modules/cjs/loader:1090:27)
    at Object.Module._extensions..js (node:internal/modules/cjs/loader:1180:10)
    at Module.load (node:internal/modules/cjs/loader:1004:32)
    at Function.Module._load (node:internal/modules/cjs/loader:839:12)
    at Module.require (node:internal/modules/cjs/loader:1028:19)
    at require (node:internal/modules/cjs/helpers:102:18)
    at Object.<anonymous> (D:\node-express\server.js:20:25)
    at Module._compile (node:internal/modules/cjs/loader:1126:14)
D:\node-express\utils\queryStatistik.js:209
				logger.info(`[STATISTIC] Found a listing in the collection with the Job Name '${ctmLikeInJobName}', '${ctmJobName}', Server '${ctmLikeInServer}', '${ctmServer}', Group Name '${ctmLikeInGroupName}', '${ctmGroupName}', Table '${ctmLikeInTableName}', '${ctmTableName}' and Owner '${ctmLikeInUserId}', '${ctmUserId}' `
				                                                                                                                                                                                                                                                                                                                      ^^^^

SyntaxError: missing ) after argument list
    at Object.compileFunction (node:vm:360:18)
    at wrapSafe (node:internal/modules/cjs/loader:1055:15)
    at Module._compile (node:internal/modules/cjs/loader:1090:27)
    at Object.Module._extensions..js (node:internal/modules/cjs/loader:1180:10)
    at Module.load (node:internal/modules/cjs/loader:1004:32)
    at Function.Module._load (node:internal/modules/cjs/loader:839:12)
    at Module.require (node:internal/modules/cjs/loader:1028:19)
    at require (node:internal/modules/cjs/helpers:102:18)
    at Object.<anonymous> (D:\node-express\server.js:20:25)
    at Module._compile (node:internal/modules/cjs/loader:1126:14)
D:\node-express\utils\queryStatistik.js:209
				logger.info(`[STATISTIC] Found a listing in the collection with the Job Name '${ctmLikeInJobName}', '${ctmJobName}', Server '${ctmLikeInServer}', '${ctmServer}', Group Name '${ctmLikeInGroupName}', '${ctmGroupName}', Table '${ctmLikeInTableName}', '${ctmTableName}' and Owner '${ctmLikeInUserId}', '${ctmUserId}' `
				                                                                                                                                                                                                                                                                                                                      ^^^^

SyntaxError: missing ) after argument list
    at Object.compileFunction (node:vm:360:18)
    at wrapSafe (node:internal/modules/cjs/loader:1055:15)
    at Module._compile (node:internal/modules/cjs/loader:1090:27)
    at Object.Module._extensions..js (node:internal/modules/cjs/loader:1180:10)
    at Module.load (node:internal/modules/cjs/loader:1004:32)
    at Function.Module._load (node:internal/modules/cjs/loader:839:12)
    at Module.require (node:internal/modules/cjs/loader:1028:19)
    at require (node:internal/modules/cjs/helpers:102:18)
    at Object.<anonymous> (D:\node-express\server.js:20:25)
    at Module._compile (node:internal/modules/cjs/loader:1126:14)
D:\node-express\utils\queryStatistik.js:209
				logger.info(`[STATISTIC] Found a listing in the collection with the Job Name '${ctmLikeInJobName}', '${ctmJobName}', Server '${ctmLikeInServer}', '${ctmServer}', Group Name '${ctmLikeInGroupName}', '${ctmGroupName}', Table '${ctmLikeInTableName}', '${ctmTableName}' and Owner '${ctmLikeInUserId}', '${ctmUserId}' `
				                                                                                                                                                                                                                                                                                                                      ^^^^

SyntaxError: missing ) after argument list
    at Object.compileFunction (node:vm:360:18)
    at wrapSafe (node:internal/modules/cjs/loader:1055:15)
    at Module._compile (node:internal/modules/cjs/loader:1090:27)
    at Object.Module._extensions..js (node:internal/modules/cjs/loader:1180:10)
    at Module.load (node:internal/modules/cjs/loader:1004:32)
    at Function.Module._load (node:internal/modules/cjs/loader:839:12)
    at Module.require (node:internal/modules/cjs/loader:1028:19)
    at require (node:internal/modules/cjs/helpers:102:18)
    at Object.<anonymous> (D:\node-express\server.js:20:25)
    at Module._compile (node:internal/modules/cjs/loader:1126:14)
D:\node-express\utils\queryStatistik.js:209
				logger.info(`[STATISTIC] Found a listing in the collection with the Job Name '${ctmLikeInJobName}', '${ctmJobName}', Server '${ctmLikeInServer}', '${ctmServer}', Group Name '${ctmLikeInGroupName}', '${ctmGroupName}', Table '${ctmLikeInTableName}', '${ctmTableName}' and Owner '${ctmLikeInUserId}', '${ctmUserId}' `
				                                                                                                                                                                                                                                                                                                                      ^^^^

SyntaxError: missing ) after argument list
    at Object.compileFunction (node:vm:360:18)
    at wrapSafe (node:internal/modules/cjs/loader:1055:15)
    at Module._compile (node:internal/modules/cjs/loader:1090:27)
    at Object.Module._extensions..js (node:internal/modules/cjs/loader:1180:10)
    at Module.load (node:internal/modules/cjs/loader:1004:32)
    at Function.Module._load (node:internal/modules/cjs/loader:839:12)
    at Module.require (node:internal/modules/cjs/loader:1028:19)
    at require (node:internal/modules/cjs/helpers:102:18)
    at Object.<anonymous> (D:\node-express\server.js:20:25)
    at Module._compile (node:internal/modules/cjs/loader:1126:14)
D:\node-express\utils\queryStatistik.js:209
				logger.info(`[STATISTIC] Found a listing in the collection with the Job Name '${ctmLikeInJobName}', '${ctmJobName}', Server '${ctmLikeInServer}', '${ctmServer}', Group Name '${ctmLikeInGroupName}', '${ctmGroupName}', Table '${ctmLikeInTableName}', '${ctmTableName}' and Owner '${ctmLikeInUserId}', '${ctmUserId}' `
				                                                                                                                                                                                                                                                                                                                      ^^^^

SyntaxError: missing ) after argument list
    at Object.compileFunction (node:vm:360:18)
    at wrapSafe (node:internal/modules/cjs/loader:1055:15)
    at Module._compile (node:internal/modules/cjs/loader:1090:27)
    at Object.Module._extensions..js (node:internal/modules/cjs/loader:1180:10)
    at Module.load (node:internal/modules/cjs/loader:1004:32)
    at Function.Module._load (node:internal/modules/cjs/loader:839:12)
    at Module.require (node:internal/modules/cjs/loader:1028:19)
    at require (node:internal/modules/cjs/helpers:102:18)
    at Object.<anonymous> (D:\node-express\server.js:20:25)
    at Module._compile (node:internal/modules/cjs/loader:1126:14)
D:\node-express\utils\queryStatistik.js:209
				logger.info(`[STATISTIC] Found a listing in the collection with the Job Name '${ctmLikeInJobName}', '${ctmJobName}', Server '${ctmLikeInServer}', '${ctmServer}', Group Name '${ctmLikeInGroupName}', '${ctmGroupName}', Table '${ctmLikeInTableName}', '${ctmTableName}' and Owner '${ctmLikeInUserId}', '${ctmUserId}' `
				                                                                                                                                                                                                                                                                                                                      ^^^^

SyntaxError: missing ) after argument list
    at Object.compileFunction (node:vm:360:18)
    at wrapSafe (node:internal/modules/cjs/loader:1055:15)
    at Module._compile (node:internal/modules/cjs/loader:1090:27)
    at Object.Module._extensions..js (node:internal/modules/cjs/loader:1180:10)
    at Module.load (node:internal/modules/cjs/loader:1004:32)
    at Function.Module._load (node:internal/modules/cjs/loader:839:12)
    at Module.require (node:internal/modules/cjs/loader:1028:19)
    at require (node:internal/modules/cjs/helpers:102:18)
    at Object.<anonymous> (D:\node-express\server.js:20:25)
    at Module._compile (node:internal/modules/cjs/loader:1126:14)
D:\node-express\utils\queryStatistik.js:209
				logger.info(`[STATISTIC] Found a listing in the collection with the Job Name '${ctmLikeInJobName}', '${ctmJobName}', Server '${ctmLikeInServer}', '${ctmServer}', Group Name '${ctmLikeInGroupName}', '${ctmGroupName}', Table '${ctmLikeInTableName}', '${ctmTableName}' and Owner '${ctmLikeInUserId}', '${ctmUserId}' `
				                                                                                                                                                                                                                                                                                                                      ^^^^

SyntaxError: missing ) after argument list
    at Object.compileFunction (node:vm:360:18)
    at wrapSafe (node:internal/modules/cjs/loader:1055:15)
    at Module._compile (node:internal/modules/cjs/loader:1090:27)
    at Object.Module._extensions..js (node:internal/modules/cjs/loader:1180:10)
    at Module.load (node:internal/modules/cjs/loader:1004:32)
    at Function.Module._load (node:internal/modules/cjs/loader:839:12)
    at Module.require (node:internal/modules/cjs/loader:1028:19)
    at require (node:internal/modules/cjs/helpers:102:18)
    at Object.<anonymous> (D:\node-express\server.js:20:25)
    at Module._compile (node:internal/modules/cjs/loader:1126:14)
D:\node-express\utils\queryStatistik.js:209
				logger.info(`[STATISTIC] Found a listing in the collection with the Job Name '${ctmLikeInJobName}', '${ctmJobName}', Server '${ctmLikeInServer}', '${ctmServer}', Group Name '${ctmLikeInGroupName}', '${ctmGroupName}', Table '${ctmLikeInTableName}', '${ctmTableName}' and Owner '${ctmLikeInUserId}', '${ctmUserId}'`
				                                                                                                                                                                                                                                                                                                                      ^^^

SyntaxError: missing ) after argument list
    at Object.compileFunction (node:vm:360:18)
    at wrapSafe (node:internal/modules/cjs/loader:1055:15)
    at Module._compile (node:internal/modules/cjs/loader:1090:27)
    at Object.Module._extensions..js (node:internal/modules/cjs/loader:1180:10)
    at Module.load (node:internal/modules/cjs/loader:1004:32)
    at Function.Module._load (node:internal/modules/cjs/loader:839:12)
    at Module.require (node:internal/modules/cjs/loader:1028:19)
    at require (node:internal/modules/cjs/helpers:102:18)
    at Object.<anonymous> (D:\node-express\server.js:20:25)
    at Module._compile (node:internal/modules/cjs/loader:1126:14)
D:\node-express\utils\queryStatistik.js:209
				logger.info(`[STATISTIC] Found a listing in the collection with the Job Name '${ctmLikeInJobName}', '${ctmJobName}', Server '${ctmLikeInServer}', '${ctmServer}', Group Name '${ctmLikeInGroupName}', '${ctmGroupName}', Table '${ctmLikeInTableName}', '${ctmTableName}' and Owner '${ctmLikeInUserId}', '${ctmUserId}'`
				                                                                                                                                                                                                                                                                                                                      ^^^

SyntaxError: missing ) after argument list
    at Object.compileFunction (node:vm:360:18)
    at wrapSafe (node:internal/modules/cjs/loader:1055:15)
    at Module._compile (node:internal/modules/cjs/loader:1090:27)
    at Object.Module._extensions..js (node:internal/modules/cjs/loader:1180:10)
    at Module.load (node:internal/modules/cjs/loader:1004:32)
    at Function.Module._load (node:internal/modules/cjs/loader:839:12)
    at Module.require (node:internal/modules/cjs/loader:1028:19)
    at require (node:internal/modules/cjs/helpers:102:18)
    at Object.<anonymous> (D:\node-express\server.js:20:25)
    at Module._compile (node:internal/modules/cjs/loader:1126:14)
D:\node-express\utils\queryStatistik.js:209
				logger.info(`[STATISTIC] Found a listing in the collection with the Job Name '${ctmLikeInJobName}', '${ctmJobName}', Server '${ctmLikeInServer}', '${ctmServer}', Group Name '${ctmLikeInGroupName}', '${ctmGroupName}', Table '${ctmLikeInTableName}', '${ctmTableName}' and Owner '${ctmLikeInUserId}', '${ctmUserId}'`
				                                                                                                                                                                                                                                                                                                                      ^^^

SyntaxError: missing ) after argument list
    at Object.compileFunction (node:vm:360:18)
    at wrapSafe (node:internal/modules/cjs/loader:1055:15)
    at Module._compile (node:internal/modules/cjs/loader:1090:27)
    at Object.Module._extensions..js (node:internal/modules/cjs/loader:1180:10)
    at Module.load (node:internal/modules/cjs/loader:1004:32)
    at Function.Module._load (node:internal/modules/cjs/loader:839:12)
    at Module.require (node:internal/modules/cjs/loader:1028:19)
    at require (node:internal/modules/cjs/helpers:102:18)
    at Object.<anonymous> (D:\node-express\server.js:20:25)
    at Module._compile (node:internal/modules/cjs/loader:1126:14)
D:\node-express\server.js:224
	optionsTahun = await readDataTahun();
	^

ReferenceError: readDataTahun is not defined
    at D:\node-express\server.js:224:2
    at Layer.handle [as handle_request] (D:\node-express\node_modules\express\lib\router\layer.js:95:5)
    at next (D:\node-express\node_modules\express\lib\router\route.js:144:13)
    at Route.dispatch (D:\node-express\node_modules\express\lib\router\route.js:114:3)
    at Layer.handle [as handle_request] (D:\node-express\node_modules\express\lib\router\layer.js:95:5)
    at D:\node-express\node_modules\express\lib\router\index.js:284:15
    at Function.process_params (D:\node-express\node_modules\express\lib\router\index.js:346:12)
    at next (D:\node-express\node_modules\express\lib\router\index.js:280:10)
    at urlencodedParser (D:\node-express\node_modules\body-parser\lib\types\urlencoded.js:91:7)
    at Layer.handle [as handle_request] (D:\node-express\node_modules\express\lib\router\layer.js:95:5)
D:\node-express\server.js:224
	optionsTahun = await readDataTahun();
	^

ReferenceError: readDataTahun is not defined
    at D:\node-express\server.js:224:2
    at Layer.handle [as handle_request] (D:\node-express\node_modules\express\lib\router\layer.js:95:5)
    at next (D:\node-express\node_modules\express\lib\router\route.js:144:13)
    at Route.dispatch (D:\node-express\node_modules\express\lib\router\route.js:114:3)
    at Layer.handle [as handle_request] (D:\node-express\node_modules\express\lib\router\layer.js:95:5)
    at D:\node-express\node_modules\express\lib\router\index.js:284:15
    at Function.process_params (D:\node-express\node_modules\express\lib\router\index.js:346:12)
    at next (D:\node-express\node_modules\express\lib\router\index.js:280:10)
    at urlencodedParser (D:\node-express\node_modules\body-parser\lib\types\urlencoded.js:91:7)
    at Layer.handle [as handle_request] (D:\node-express\node_modules\express\lib\router\layer.js:95:5)
D:\node-express\server.js:224
	optionsTahun = await readDataTahun();
	^

ReferenceError: readDataTahun is not defined
    at D:\node-express\server.js:224:2
    at Layer.handle [as handle_request] (D:\node-express\node_modules\express\lib\router\layer.js:95:5)
    at next (D:\node-express\node_modules\express\lib\router\route.js:144:13)
    at Route.dispatch (D:\node-express\node_modules\express\lib\router\route.js:114:3)
    at Layer.handle [as handle_request] (D:\node-express\node_modules\express\lib\router\layer.js:95:5)
    at D:\node-express\node_modules\express\lib\router\index.js:284:15
    at Function.process_params (D:\node-express\node_modules\express\lib\router\index.js:346:12)
    at next (D:\node-express\node_modules\express\lib\router\index.js:280:10)
    at urlencodedParser (D:\node-express\node_modules\body-parser\lib\types\urlencoded.js:91:7)
    at Layer.handle [as handle_request] (D:\node-express\node_modules\express\lib\router\layer.js:95:5)
D:\node-express\server.js:85
  [options, nodeData, linkData, applicationGroup] = await readFlowData();
                                                  ^

TypeError: undefined is not iterable (cannot read property Symbol(Symbol.iterator))
    at D:\node-express\server.js:85:51
    at processTicksAndRejections (node:internal/process/task_queues:96:5)
D:\node-express\server.js:85
  [options, nodeData, linkData, applicationGroup] = await readFlowData();
                                                  ^

TypeError: undefined is not iterable (cannot read property Symbol(Symbol.iterator))
    at D:\node-express\server.js:85:51
    at processTicksAndRejections (node:internal/process/task_queues:96:5)
D:\node-express\server.js:85
  [options, nodeData, linkData, applicationGroup] = await readFlowData();
                                                  ^

TypeError: undefined is not iterable (cannot read property Symbol(Symbol.iterator))
    at D:\node-express\server.js:85:51
    at processTicksAndRejections (node:internal/process/task_queues:96:5)
D:\node-express\server.js:85
  [options, nodeData, linkData, applicationGroup] = await readFlowData();
                                                  ^

TypeError: undefined is not iterable (cannot read property Symbol(Symbol.iterator))
    at D:\node-express\server.js:85:51
    at processTicksAndRejections (node:internal/process/task_queues:96:5)
(node:12532) [MONGODB DRIVER] Warning: cursor.count is deprecated and will be removed in the next major version, please use `collection.estimatedDocumentCount` or `collection.countDocuments` instead 
(Use `node --trace-warnings ...` to show where the warning was created)
D:\node-express\server.js:85
  [options, nodeData, linkData, applicationGroup] = await readFlowData();
                                                  ^

TypeError: undefined is not iterable (cannot read property Symbol(Symbol.iterator))
    at D:\node-express\server.js:85:51
    at runMicrotasks (<anonymous>)
    at processTicksAndRejections (node:internal/process/task_queues:96:5)
D:\node-express\server.js:85
  [options, nodeData, linkData, applicationGroup] = await readFlowData();
                                                  ^

TypeError: undefined is not iterable (cannot read property Symbol(Symbol.iterator))
    at D:\node-express\server.js:85:51
    at processTicksAndRejections (node:internal/process/task_queues:96:5)
D:\node-express\server.js:85
  [options, nodeData, linkData, applicationGroup] = await readFlowData();
                                                  ^

TypeError: undefined is not iterable (cannot read property Symbol(Symbol.iterator))
    at D:\node-express\server.js:85:51
    at processTicksAndRejections (node:internal/process/task_queues:96:5)
D:\node-express\server.js:85
  [options, nodeData, linkData, applicationGroup] = await readFlowData();
                                                  ^

TypeError: undefined is not iterable (cannot read property Symbol(Symbol.iterator))
    at D:\node-express\server.js:85:51
    at processTicksAndRejections (node:internal/process/task_queues:96:5)
MongoServerSelectionError: connect ECONNREFUSED 10.20.215.64:27017
    at Timeout._onTimeout (D:\node-express\node_modules\mongodb\lib\sdam\topology.js:293:38)
    at listOnTimeout (node:internal/timers:559:17)
    at processTimers (node:internal/timers:502:7) {
  reason: TopologyDescription {
    type: 'ReplicaSetNoPrimary',
    servers: Map(3) {
      'devnosqldb01:27017' => [ServerDescription],
      'devnosqldb02:27017' => [ServerDescription],
      'devnosqldb03:28003' => [ServerDescription]
    },
    stale: false,
    compatible: true,
    heartbeatFrequencyMS: 10000,
    localThresholdMS: 15,
    setName: 'rsdev2',
    logicalSessionTimeoutMinutes: undefined
  },
  code: undefined,
  [Symbol(errorLabels)]: Set(0) {}
}
D:\node-express\server.js:77
		loggger.error(`[ERROR] ${e}`)
		^

ReferenceError: loggger is not defined
    at D:\node-express\server.js:77:3
    at processTicksAndRejections (node:internal/process/task_queues:96:5)
MongoServerSelectionError: connect ECONNREFUSED 10.20.215.64:27017
    at Timeout._onTimeout (D:\node-express\node_modules\mongodb\lib\sdam\topology.js:293:38)
    at listOnTimeout (node:internal/timers:559:17)
    at processTimers (node:internal/timers:502:7) {
  reason: TopologyDescription {
    type: 'ReplicaSetNoPrimary',
    servers: Map(3) {
      'devnosqldb01:27017' => [ServerDescription],
      'devnosqldb02:27017' => [ServerDescription],
      'devnosqldb03:28003' => [ServerDescription]
    },
    stale: false,
    compatible: true,
    heartbeatFrequencyMS: 10000,
    localThresholdMS: 15,
    setName: 'rsdev2',
    logicalSessionTimeoutMinutes: undefined
  },
  code: undefined,
  [Symbol(errorLabels)]: Set(0) {}
}
D:\node-express\server.js:77
		loggger.error(`[ERROR] ${e}`)
		^

ReferenceError: loggger is not defined
    at D:\node-express\server.js:77:3
    at processTicksAndRejections (node:internal/process/task_queues:96:5)
MongoServerSelectionError: connect ECONNREFUSED 10.20.215.64:27017
    at Timeout._onTimeout (D:\node-express\node_modules\mongodb\lib\sdam\topology.js:293:38)
    at listOnTimeout (node:internal/timers:559:17)
    at processTimers (node:internal/timers:502:7) {
  reason: TopologyDescription {
    type: 'ReplicaSetNoPrimary',
    servers: Map(3) {
      'devnosqldb01:27017' => [ServerDescription],
      'devnosqldb02:27017' => [ServerDescription],
      'devnosqldb03:28003' => [ServerDescription]
    },
    stale: false,
    compatible: true,
    heartbeatFrequencyMS: 10000,
    localThresholdMS: 15,
    setName: 'rsdev2',
    logicalSessionTimeoutMinutes: undefined
  },
  code: undefined,
  [Symbol(errorLabels)]: Set(0) {}
}
D:\node-express\server.js:77
		loggger.error(`[ERROR] ${e}`)
		^

ReferenceError: loggger is not defined
    at D:\node-express\server.js:77:3
    at processTicksAndRejections (node:internal/process/task_queues:96:5)
MongoServerSelectionError: connect ECONNREFUSED 10.20.215.64:27017
    at Timeout._onTimeout (D:\node-express\node_modules\mongodb\lib\sdam\topology.js:293:38)
    at listOnTimeout (node:internal/timers:559:17)
    at processTimers (node:internal/timers:502:7) {
  reason: TopologyDescription {
    type: 'ReplicaSetNoPrimary',
    servers: Map(3) {
      'devnosqldb01:27017' => [ServerDescription],
      'devnosqldb02:27017' => [ServerDescription],
      'devnosqldb03:28003' => [ServerDescription]
    },
    stale: false,
    compatible: true,
    heartbeatFrequencyMS: 10000,
    localThresholdMS: 15,
    setName: 'rsdev2',
    logicalSessionTimeoutMinutes: undefined
  },
  code: undefined,
  [Symbol(errorLabels)]: Set(0) {}
}
D:\node-express\server.js:77
		loggger.error(`[ERROR] ${e}`)
		^

ReferenceError: loggger is not defined
    at D:\node-express\server.js:77:3
    at processTicksAndRejections (node:internal/process/task_queues:96:5)
MongoServerSelectionError: connect ECONNREFUSED 10.20.215.64:27017
    at Timeout._onTimeout (D:\node-express\node_modules\mongodb\lib\sdam\topology.js:293:38)
    at listOnTimeout (node:internal/timers:559:17)
    at processTimers (node:internal/timers:502:7) {
  reason: TopologyDescription {
    type: 'ReplicaSetNoPrimary',
    servers: Map(3) {
      'devnosqldb01:27017' => [ServerDescription],
      'devnosqldb02:27017' => [ServerDescription],
      'devnosqldb03:28003' => [ServerDescription]
    },
    stale: false,
    compatible: true,
    heartbeatFrequencyMS: 10000,
    localThresholdMS: 15,
    setName: 'rsdev2',
    logicalSessionTimeoutMinutes: undefined
  },
  code: undefined,
  [Symbol(errorLabels)]: Set(0) {}
}
D:\node-express\server.js:77
		loggger.error(`[ERROR] ${e}`)
		^

ReferenceError: loggger is not defined
    at D:\node-express\server.js:77:3
    at processTicksAndRejections (node:internal/process/task_queues:96:5)
MongoServerSelectionError: connect ECONNREFUSED 10.20.215.64:27017
    at Timeout._onTimeout (D:\node-express\node_modules\mongodb\lib\sdam\topology.js:293:38)
    at listOnTimeout (node:internal/timers:559:17)
    at processTimers (node:internal/timers:502:7) {
  reason: TopologyDescription {
    type: 'ReplicaSetNoPrimary',
    servers: Map(3) {
      'devnosqldb01:27017' => [ServerDescription],
      'devnosqldb02:27017' => [ServerDescription],
      'devnosqldb03:28003' => [ServerDescription]
    },
    stale: false,
    compatible: true,
    heartbeatFrequencyMS: 10000,
    localThresholdMS: 15,
    setName: 'rsdev2',
    logicalSessionTimeoutMinutes: undefined
  },
  code: undefined,
  [Symbol(errorLabels)]: Set(0) {}
}
D:\node-express\server.js:77
		loggger.error(`[ERROR] ${e}`)
		^

ReferenceError: loggger is not defined
    at D:\node-express\server.js:77:3
    at processTicksAndRejections (node:internal/process/task_queues:96:5)
MongoServerSelectionError: connect ECONNREFUSED 10.20.215.64:27017
    at Timeout._onTimeout (D:\node-express\node_modules\mongodb\lib\sdam\topology.js:293:38)
    at listOnTimeout (node:internal/timers:559:17)
    at processTimers (node:internal/timers:502:7) {
  reason: TopologyDescription {
    type: 'ReplicaSetNoPrimary',
    servers: Map(3) {
      'devnosqldb01:27017' => [ServerDescription],
      'devnosqldb02:27017' => [ServerDescription],
      'devnosqldb03:28003' => [ServerDescription]
    },
    stale: false,
    compatible: true,
    heartbeatFrequencyMS: 10000,
    localThresholdMS: 15,
    setName: 'rsdev2',
    logicalSessionTimeoutMinutes: undefined
  },
  code: undefined,
  [Symbol(errorLabels)]: Set(0) {}
}
D:\node-express\server.js:77
		loggger.error(`[ERROR] ${e}`)
		^

ReferenceError: loggger is not defined
    at D:\node-express\server.js:77:3
    at processTicksAndRejections (node:internal/process/task_queues:96:5)
MongoServerSelectionError: connect ECONNREFUSED 10.20.215.64:27017
    at Timeout._onTimeout (D:\node-express\node_modules\mongodb\lib\sdam\topology.js:293:38)
    at listOnTimeout (node:internal/timers:559:17)
    at processTimers (node:internal/timers:502:7) {
  reason: TopologyDescription {
    type: 'ReplicaSetNoPrimary',
    servers: Map(3) {
      'devnosqldb01:27017' => [ServerDescription],
      'devnosqldb02:27017' => [ServerDescription],
      'devnosqldb03:28003' => [ServerDescription]
    },
    stale: false,
    compatible: true,
    heartbeatFrequencyMS: 10000,
    localThresholdMS: 15,
    setName: 'rsdev2',
    logicalSessionTimeoutMinutes: undefined
  },
  code: undefined,
  [Symbol(errorLabels)]: Set(0) {}
}
D:\node-express\server.js:77
		loggger.error(`[ERROR] ${e}`)
		^

ReferenceError: loggger is not defined
    at D:\node-express\server.js:77:3
    at processTicksAndRejections (node:internal/process/task_queues:96:5)
MongoServerSelectionError: connect ECONNREFUSED 10.20.215.64:27017
    at Timeout._onTimeout (D:\node-express\node_modules\mongodb\lib\sdam\topology.js:293:38)
    at listOnTimeout (node:internal/timers:559:17)
    at processTimers (node:internal/timers:502:7) {
  reason: TopologyDescription {
    type: 'ReplicaSetNoPrimary',
    servers: Map(3) {
      'devnosqldb01:27017' => [ServerDescription],
      'devnosqldb02:27017' => [ServerDescription],
      'devnosqldb03:28003' => [ServerDescription]
    },
    stale: false,
    compatible: true,
    heartbeatFrequencyMS: 10000,
    localThresholdMS: 15,
    setName: 'rsdev2',
    logicalSessionTimeoutMinutes: undefined
  },
  code: undefined,
  [Symbol(errorLabels)]: Set(0) {}
}
D:\node-express\server.js:77
		loggger.error(`[ERROR] ${e}`)
		^

ReferenceError: loggger is not defined
    at D:\node-express\server.js:77:3
    at processTicksAndRejections (node:internal/process/task_queues:96:5)
MongoServerSelectionError: connect ECONNREFUSED 10.20.215.64:27017
    at Timeout._onTimeout (D:\node-express\node_modules\mongodb\lib\sdam\topology.js:293:38)
    at listOnTimeout (node:internal/timers:559:17)
    at processTimers (node:internal/timers:502:7) {
  reason: TopologyDescription {
    type: 'ReplicaSetNoPrimary',
    servers: Map(3) {
      'devnosqldb01:27017' => [ServerDescription],
      'devnosqldb02:27017' => [ServerDescription],
      'devnosqldb03:28003' => [ServerDescription]
    },
    stale: false,
    compatible: true,
    heartbeatFrequencyMS: 10000,
    localThresholdMS: 15,
    setName: 'rsdev2',
    logicalSessionTimeoutMinutes: undefined
  },
  code: undefined,
  [Symbol(errorLabels)]: Set(0) {}
}
D:\node-express\server.js:77
		loggger.error(`[ERROR] ${e}`)
		^

ReferenceError: loggger is not defined
    at D:\node-express\server.js:77:3
    at processTicksAndRejections (node:internal/process/task_queues:96:5)
MongoServerSelectionError: connect ECONNREFUSED 10.20.215.64:27017
    at Timeout._onTimeout (D:\node-express\node_modules\mongodb\lib\sdam\topology.js:293:38)
    at listOnTimeout (node:internal/timers:559:17)
    at processTimers (node:internal/timers:502:7) {
  reason: TopologyDescription {
    type: 'ReplicaSetNoPrimary',
    servers: Map(3) {
      'devnosqldb01:27017' => [ServerDescription],
      'devnosqldb02:27017' => [ServerDescription],
      'devnosqldb03:28003' => [ServerDescription]
    },
    stale: false,
    compatible: true,
    heartbeatFrequencyMS: 10000,
    localThresholdMS: 15,
    setName: 'rsdev2',
    logicalSessionTimeoutMinutes: undefined
  },
  code: undefined,
  [Symbol(errorLabels)]: Set(0) {}
}
D:\node-express\server.js:77
		loggger.error(`[ERROR] ${e}`)
		^

ReferenceError: loggger is not defined
    at D:\node-express\server.js:77:3
    at processTicksAndRejections (node:internal/process/task_queues:96:5)
MongoServerSelectionError: connect ECONNREFUSED 10.20.215.64:27017
    at Timeout._onTimeout (D:\node-express\node_modules\mongodb\lib\sdam\topology.js:293:38)
    at listOnTimeout (node:internal/timers:559:17)
    at processTimers (node:internal/timers:502:7) {
  reason: TopologyDescription {
    type: 'ReplicaSetNoPrimary',
    servers: Map(3) {
      'devnosqldb01:27017' => [ServerDescription],
      'devnosqldb02:27017' => [ServerDescription],
      'devnosqldb03:28003' => [ServerDescription]
    },
    stale: false,
    compatible: true,
    heartbeatFrequencyMS: 10000,
    localThresholdMS: 15,
    setName: 'rsdev2',
    logicalSessionTimeoutMinutes: undefined
  },
  code: undefined,
  [Symbol(errorLabels)]: Set(0) {}
}
D:\node-express\server.js:77
		loggger.error(`[ERROR] ${e}`)
		^

ReferenceError: loggger is not defined
    at D:\node-express\server.js:77:3
    at processTicksAndRejections (node:internal/process/task_queues:96:5)
MongoServerSelectionError: connect ECONNREFUSED 10.20.215.64:27017
    at Timeout._onTimeout (D:\node-express\node_modules\mongodb\lib\sdam\topology.js:293:38)
    at listOnTimeout (node:internal/timers:559:17)
    at processTimers (node:internal/timers:502:7) {
  reason: TopologyDescription {
    type: 'ReplicaSetNoPrimary',
    servers: Map(3) {
      'devnosqldb01:27017' => [ServerDescription],
      'devnosqldb02:27017' => [ServerDescription],
      'devnosqldb03:28003' => [ServerDescription]
    },
    stale: false,
    compatible: true,
    heartbeatFrequencyMS: 10000,
    localThresholdMS: 15,
    setName: 'rsdev2',
    logicalSessionTimeoutMinutes: undefined
  },
  code: undefined,
  [Symbol(errorLabels)]: Set(0) {}
}
MongoServerSelectionError: connect ECONNREFUSED 10.20.215.64:27017
    at Timeout._onTimeout (D:\node-express\node_modules\mongodb\lib\sdam\topology.js:293:38)
    at listOnTimeout (node:internal/timers:559:17)
    at processTimers (node:internal/timers:502:7) {
  reason: TopologyDescription {
    type: 'ReplicaSetNoPrimary',
    servers: Map(3) {
      'devnosqldb01:27017' => [ServerDescription],
      'devnosqldb02:27017' => [ServerDescription],
      'devnosqldb03:28003' => [ServerDescription]
    },
    stale: false,
    compatible: true,
    heartbeatFrequencyMS: 10000,
    localThresholdMS: 15,
    setName: 'rsdev2',
    logicalSessionTimeoutMinutes: undefined
  },
  code: undefined,
  [Symbol(errorLabels)]: Set(0) {}
}
MongoServerSelectionError: connect ECONNREFUSED 10.20.215.64:27017
    at Timeout._onTimeout (D:\node-express\node_modules\mongodb\lib\sdam\topology.js:293:38)
    at listOnTimeout (node:internal/timers:559:17)
    at processTimers (node:internal/timers:502:7) {
  reason: TopologyDescription {
    type: 'ReplicaSetNoPrimary',
    servers: Map(3) {
      'devnosqldb01:27017' => [ServerDescription],
      'devnosqldb02:27017' => [ServerDescription],
      'devnosqldb03:28003' => [ServerDescription]
    },
    stale: false,
    compatible: true,
    heartbeatFrequencyMS: 10000,
    localThresholdMS: 15,
    setName: 'rsdev2',
    logicalSessionTimeoutMinutes: undefined
  },
  code: undefined,
  [Symbol(errorLabels)]: Set(0) {}
}
(node:12584) [MONGODB DRIVER] Warning: cursor.count is deprecated and will be removed in the next major version, please use `collection.estimatedDocumentCount` or `collection.countDocuments` instead 
(Use `node --trace-warnings ...` to show where the warning was created)
(node:5924) [MONGODB DRIVER] Warning: cursor.count is deprecated and will be removed in the next major version, please use `collection.estimatedDocumentCount` or `collection.countDocuments` instead 
(Use `node --trace-warnings ...` to show where the warning was created)
(node:5000) [MONGODB DRIVER] Warning: cursor.count is deprecated and will be removed in the next major version, please use `collection.estimatedDocumentCount` or `collection.countDocuments` instead 
(Use `node --trace-warnings ...` to show where the warning was created)
(node:1948) [MONGODB DRIVER] Warning: cursor.count is deprecated and will be removed in the next major version, please use `collection.estimatedDocumentCount` or `collection.countDocuments` instead 
(Use `node --trace-warnings ...` to show where the warning was created)
(node:5996) [MONGODB DRIVER] Warning: cursor.count is deprecated and will be removed in the next major version, please use `collection.estimatedDocumentCount` or `collection.countDocuments` instead 
(Use `node --trace-warnings ...` to show where the warning was created)
D:\node-express\server.js:375
      }
      ^

SyntaxError: Missing catch or finally after try
    at Object.compileFunction (node:vm:360:18)
    at wrapSafe (node:internal/modules/cjs/loader:1055:15)
    at Module._compile (node:internal/modules/cjs/loader:1090:27)
    at Object.Module._extensions..js (node:internal/modules/cjs/loader:1180:10)
    at Module.load (node:internal/modules/cjs/loader:1004:32)
    at Function.Module._load (node:internal/modules/cjs/loader:839:12)
    at Function.executeUserEntryPoint [as runMain] (node:internal/modules/run_main:81:12)
    at node:internal/main/run_main_module:17:47
D:\node-express\server.js:375
      }
      ^

SyntaxError: Missing catch or finally after try
    at Object.compileFunction (node:vm:360:18)
    at wrapSafe (node:internal/modules/cjs/loader:1055:15)
    at Module._compile (node:internal/modules/cjs/loader:1090:27)
    at Object.Module._extensions..js (node:internal/modules/cjs/loader:1180:10)
    at Module.load (node:internal/modules/cjs/loader:1004:32)
    at Function.Module._load (node:internal/modules/cjs/loader:839:12)
    at Function.executeUserEntryPoint [as runMain] (node:internal/modules/run_main:81:12)
    at node:internal/main/run_main_module:17:47
D:\node-express\server.js:375
      }
      ^

SyntaxError: Missing catch or finally after try
    at Object.compileFunction (node:vm:360:18)
    at wrapSafe (node:internal/modules/cjs/loader:1055:15)
    at Module._compile (node:internal/modules/cjs/loader:1090:27)
    at Object.Module._extensions..js (node:internal/modules/cjs/loader:1180:10)
    at Module.load (node:internal/modules/cjs/loader:1004:32)
    at Function.Module._load (node:internal/modules/cjs/loader:839:12)
    at Function.executeUserEntryPoint [as runMain] (node:internal/modules/run_main:81:12)
    at node:internal/main/run_main_module:17:47
D:\node-express\server.js:375
      }
      ^

SyntaxError: Missing catch or finally after try
    at Object.compileFunction (node:vm:360:18)
    at wrapSafe (node:internal/modules/cjs/loader:1055:15)
    at Module._compile (node:internal/modules/cjs/loader:1090:27)
    at Object.Module._extensions..js (node:internal/modules/cjs/loader:1180:10)
    at Module.load (node:internal/modules/cjs/loader:1004:32)
    at Function.Module._load (node:internal/modules/cjs/loader:839:12)
    at Function.executeUserEntryPoint [as runMain] (node:internal/modules/run_main:81:12)
    at node:internal/main/run_main_module:17:47
D:\node-express\server.js:375
      }
      ^

SyntaxError: Missing catch or finally after try
    at Object.compileFunction (node:vm:360:18)
    at wrapSafe (node:internal/modules/cjs/loader:1055:15)
    at Module._compile (node:internal/modules/cjs/loader:1090:27)
    at Object.Module._extensions..js (node:internal/modules/cjs/loader:1180:10)
    at Module.load (node:internal/modules/cjs/loader:1004:32)
    at Function.Module._load (node:internal/modules/cjs/loader:839:12)
    at Function.executeUserEntryPoint [as runMain] (node:internal/modules/run_main:81:12)
    at node:internal/main/run_main_module:17:47
D:\node-express\server.js:375
      }
      ^

SyntaxError: Missing catch or finally after try
    at Object.compileFunction (node:vm:360:18)
    at wrapSafe (node:internal/modules/cjs/loader:1055:15)
    at Module._compile (node:internal/modules/cjs/loader:1090:27)
    at Object.Module._extensions..js (node:internal/modules/cjs/loader:1180:10)
    at Module.load (node:internal/modules/cjs/loader:1004:32)
    at Function.Module._load (node:internal/modules/cjs/loader:839:12)
    at Function.executeUserEntryPoint [as runMain] (node:internal/modules/run_main:81:12)
    at node:internal/main/run_main_module:17:47
ReferenceError: D:\node-express\views\form-statistic.ejs:571
    569| 
    570| <script>
 >> 571|           if (<%- validationResult %>) {
    572|             //pass
    573|           } else {
    574|             alert("Syntax Error. Klik Menu Bantuan atau Baca Panduan Penggunaan Autoweb.");

validationResult is not defined
    at eval ("D:\\node-express\\views\\form-statistic.ejs":22:17)
    at form-statistic (D:\node-express\node_modules\ejs\lib\ejs.js:703:17)
    at tryHandleCache (D:\node-express\node_modules\ejs\lib\ejs.js:274:36)
    at View.exports.renderFile [as engine] (D:\node-express\node_modules\ejs\lib\ejs.js:491:10)
    at View.render (D:\node-express\node_modules\express\lib\view.js:135:8)
    at tryRender (D:\node-express\node_modules\express\lib\application.js:657:10)
    at Function.render (D:\node-express\node_modules\express\lib\application.js:609:3)
    at ServerResponse.render (D:\node-express\node_modules\express\lib\response.js:1039:7)
    at D:\node-express\server.js:265:12
node:internal/modules/cjs/loader:959
  throw err;
  ^

Error: Cannot find module './utils/extractDataTahunDashboard.js'
Require stack:
- D:\node-express\server.js
    at Function.Module._resolveFilename (node:internal/modules/cjs/loader:956:15)
    at Function.Module._load (node:internal/modules/cjs/loader:804:27)
    at Module.require (node:internal/modules/cjs/loader:1028:19)
    at require (node:internal/modules/cjs/helpers:102:18)
    at Object.<anonymous> (D:\node-express\server.js:26:32)
    at Module._compile (node:internal/modules/cjs/loader:1126:14)
    at Object.Module._extensions..js (node:internal/modules/cjs/loader:1180:10)
    at Module.load (node:internal/modules/cjs/loader:1004:32)
    at Function.Module._load (node:internal/modules/cjs/loader:839:12)
    at Function.executeUserEntryPoint [as runMain] (node:internal/modules/run_main:81:12) {
  code: 'MODULE_NOT_FOUND',
  requireStack: [ 'D:\\node-express\\server.js' ]
}
node:internal/modules/cjs/loader:959
  throw err;
  ^

Error: Cannot find module './utils/extractDataTahunDashboard.js'
Require stack:
- D:\node-express\server.js
    at Function.Module._resolveFilename (node:internal/modules/cjs/loader:956:15)
    at Function.Module._load (node:internal/modules/cjs/loader:804:27)
    at Module.require (node:internal/modules/cjs/loader:1028:19)
    at require (node:internal/modules/cjs/helpers:102:18)
    at Object.<anonymous> (D:\node-express\server.js:26:32)
    at Module._compile (node:internal/modules/cjs/loader:1126:14)
    at Object.Module._extensions..js (node:internal/modules/cjs/loader:1180:10)
    at Module.load (node:internal/modules/cjs/loader:1004:32)
    at Function.Module._load (node:internal/modules/cjs/loader:839:12)
    at Function.executeUserEntryPoint [as runMain] (node:internal/modules/run_main:81:12) {
  code: 'MODULE_NOT_FOUND',
  requireStack: [ 'D:\\node-express\\server.js' ]
}
node:internal/modules/cjs/loader:959
  throw err;
  ^

Error: Cannot find module './utils/extractDataTahunDashboard.js'
Require stack:
- D:\node-express\server.js
    at Function.Module._resolveFilename (node:internal/modules/cjs/loader:956:15)
    at Function.Module._load (node:internal/modules/cjs/loader:804:27)
    at Module.require (node:internal/modules/cjs/loader:1028:19)
    at require (node:internal/modules/cjs/helpers:102:18)
    at Object.<anonymous> (D:\node-express\server.js:26:32)
    at Module._compile (node:internal/modules/cjs/loader:1126:14)
    at Object.Module._extensions..js (node:internal/modules/cjs/loader:1180:10)
    at Module.load (node:internal/modules/cjs/loader:1004:32)
    at Function.Module._load (node:internal/modules/cjs/loader:839:12)
    at Function.executeUserEntryPoint [as runMain] (node:internal/modules/run_main:81:12) {
  code: 'MODULE_NOT_FOUND',
  requireStack: [ 'D:\\node-express\\server.js' ]
}
Error: Failed to lookup view "dashboard" in views directory "D:\node-express\views"
    at Function.render (D:\node-express\node_modules\express\lib\application.js:597:17)
    at ServerResponse.render (D:\node-express\node_modules\express\lib\response.js:1039:7)
    at D:\node-express\server.js:252:14
(node:5940) [MONGODB DRIVER] Warning: cursor.count is deprecated and will be removed in the next major version, please use `collection.estimatedDocumentCount` or `collection.countDocuments` instead 
(Use `node --trace-warnings ...` to show where the warning was created)
